27/03/2024 17:53:08 : [DefaultLogger] : [Debug] : Successfully opened DB Connection 
27/03/2024 17:53:08 : [DefaultLogger] : [Debug] : started executing query :  PRAGMA foreign_keys = ON; 
27/03/2024 17:53:08 : [DefaultLogger] : [Debug] : Successfully executed query :  PRAGMA foreign_keys = ON; 
27/03/2024 17:53:15 : [DefaultLogger] : [Debug] : started executing query :  SELECT * FROM Employee NATURAL JOIN Engineer ; 
27/03/2024 17:53:15 : [DefaultLogger] : [Debug] : started executing query :  SELECT * FROM SalaryView WHERE employeeID = 29; 
27/03/2024 17:53:15 : [DefaultLogger] : [Debug] : Successfully executed query :  SELECT * FROM SalaryView WHERE employeeID = 29; 
27/03/2024 17:53:15 : [DefaultLogger] : [Debug] : Successfully executed query :  SELECT * FROM Employee NATURAL JOIN Engineer ; 
27/03/2024 18:01:39 : [DefaultLogger] : [Debug] : Successfully opened DB Connection 
27/03/2024 18:01:39 : [DefaultLogger] : [Debug] : started executing query :  PRAGMA foreign_keys = ON; 
27/03/2024 18:01:39 : [DefaultLogger] : [Debug] : Successfully executed query :  PRAGMA foreign_keys = ON; 
27/03/2024 18:01:43 : [DefaultLogger] : [Debug] : Successfully opened DB Connection 
27/03/2024 18:01:43 : [DefaultLogger] : [Debug] : started executing query :  PRAGMA foreign_keys = ON; 
27/03/2024 18:01:43 : [DefaultLogger] : [Debug] : Successfully executed query :  PRAGMA foreign_keys = ON; 
27/03/2024 18:34:20 : [DefaultLogger] : [Debug] : Successfully opened DB Connection 
27/03/2024 18:34:20 : [DefaultLogger] : [Debug] : started executing query :  PRAGMA foreign_keys = ON; 
27/03/2024 18:34:20 : [DefaultLogger] : [Debug] : Successfully executed query :  PRAGMA foreign_keys = ON; 
27/03/2024 18:35:55 : [DefaultLogger] : [Debug] : Successfully opened DB Connection 
27/03/2024 18:35:55 : [DefaultLogger] : [Debug] : started executing query :  PRAGMA foreign_keys = ON; 
27/03/2024 18:35:55 : [DefaultLogger] : [Debug] : Successfully executed query :  PRAGMA foreign_keys = ON; 
27/03/2024 18:36:02 : [DefaultLogger] : [Debug] : started executing query :  SELECT * FROM Employee NATURAL JOIN Engineer ; 
27/03/2024 18:36:02 : [DefaultLogger] : [Debug] : started executing query :  SELECT * FROM SalaryView WHERE employeeID = 29; 
27/03/2024 18:36:02 : [DefaultLogger] : [Debug] : Successfully executed query :  SELECT * FROM SalaryView WHERE employeeID = 29; 
27/03/2024 18:36:02 : [DefaultLogger] : [Debug] : Successfully executed query :  SELECT * FROM Employee NATURAL JOIN Engineer ; 
27/03/2024 19:14:09 : [DefaultLogger] : [Debug] : Successfully opened DB Connection 
27/03/2024 19:14:09 : [DefaultLogger] : [Debug] : started executing query :  PRAGMA foreign_keys = ON; 
27/03/2024 19:14:09 : [DefaultLogger] : [Debug] : Successfully executed query :  PRAGMA foreign_keys = ON; 
